{"timestamp":"2024-05-06T13:31:10.000+0000","level":"info","type":"startup","detail":{"kind":"migrations-startup","info":"migrations server port env var is not set, defaulting to 9691"}}
{"timestamp":"2024-05-06T13:31:10.000+0000","level":"info","type":"startup","detail":{"kind":"migrations-startup","info":"server timeout is not set, defaulting to 30 seconds"}}
{"timestamp":"2024-05-06T13:31:10.000+0000","level":"info","type":"startup","detail":{"kind":"migrations-startup","info":"starting graphql engine temporarily on port 9691"}}
{"timestamp":"2024-05-06T13:31:10.000+0000","level":"info","type":"startup","detail":{"kind":"migrations-startup","info":"waiting 30 for 9691 to be ready"}}
{"detail":{"info":"WARNING: No admin secret provided","kind":"no_admin_secret"},"level":"warn","timestamp":"2024-05-06T13:31:11.273+0000","type":"startup"}
{"detail":{"info":{"admin_secret_set":false,"auth_hook":null,"auth_hook_mode":null,"console_assets_dir":null,"console_sentry_dsn":null,"cors_config":{"allowed_origins":"*","disabled":false,"ws_read_cookie":null},"enable_allowlist":false,"enable_console":false,"enable_maintenance_mode":false,"enable_metadata_query_logging":false,"enable_telemetry":false,"enabled_apis":["metadata"],"enabled_log_types":["jwk-refresh-log","webhook-log","http-log","startup","websocket-log"],"events_fetch_batch_size":100,"experimental_features":[],"graceful_shutdown_timeout":60,"infer_function_permissions":true,"jwt_secret":[],"live_query_options":{"batch_size":100,"refetch_delay":1},"log_level":"info","port":9691,"remote_schema_permissions":false,"server_host":"HostAny","stringify_numeric_types":false,"transaction_isolation":"ISOLATION LEVEL READ COMMITTED","unauth_role":null,"use_prepared_statements":true,"v1-boolean-null-collapse":false,"websocket_compression_options":"NoCompression","websocket_connection_init_timeout":"Refined (Seconds {seconds = 3s})","websocket_keep_alive":"KeepAliveDelay {unKeepAliveDelay = Refined (Seconds {seconds = 5s})}"},"kind":"server_configuration"},"level":"info","timestamp":"2024-05-06T13:31:11.273+0000","type":"startup"}
{"timestamp":"2024-05-06T13:31:11.000+0000","level":"info","type":"startup","detail":{"kind":"migrations-startup","info":"port 9691 is ready"}}
{"timestamp":"2024-05-06T13:31:11.000+0000","level":"info","type":"startup","detail":{"kind":"migrations-startup","info":"env var HASURA_GRAPHQL_MIGRATIONS_DIR is not set, defaulting to /hasura-migrations"}}
{"timestamp":"2024-05-06T13:31:11.000+0000","level":"info","type":"startup","detail":{"kind":"migrations-startup","info":"env var HASURA_GRAPHQL_METADATA_DIR is not set, defaulting to /hasura-metadata"}}
{"timestamp":"2024-05-06T13:31:11.000+0000","level":"info","type":"startup","detail":{"kind":"migrations-apply","info":"applying metadata from /hasura-metadata"}}
{"detail":"Thread ourIdleGC (re)started","level":"info","timestamp":"2024-05-06T13:31:11.273+0000","type":"unstructured"}
{"detail":"Thread SchemeUpdate.processor (re)started","level":"info","timestamp":"2024-05-06T13:31:11.273+0000","type":"unstructured"}
{"detail":"Thread asyncActionSubscriptionsProcessor (re)started","level":"info","timestamp":"2024-05-06T13:31:11.273+0000","type":"unstructured"}
{"detail":"Thread sourcePingPoller (re)started","level":"info","timestamp":"2024-05-06T13:31:11.273+0000","type":"unstructured"}
{"detail":"Thread runTelemetry (re)started","level":"info","timestamp":"2024-05-06T13:31:11.273+0000","type":"unstructured"}
{"detail":"Thread SchemeUpdate.listener (re)started","level":"info","timestamp":"2024-05-06T13:31:11.273+0000","type":"unstructured"}
{"detail":"Thread processEventQueue (re)started","level":"info","timestamp":"2024-05-06T13:31:11.273+0000","type":"unstructured"}
{"detail":"Thread processScheduledTriggers (re)started","level":"info","timestamp":"2024-05-06T13:31:11.273+0000","type":"unstructured"}
{"detail":"Thread update JWK (re)started","level":"info","timestamp":"2024-05-06T13:31:11.273+0000","type":"unstructured"}
{"detail":"Thread asyncActionsProcessor (re)started","level":"info","timestamp":"2024-05-06T13:31:11.273+0000","type":"unstructured"}
{"detail":"Thread checkForUpdates (re)started","level":"info","timestamp":"2024-05-06T13:31:11.273+0000","type":"unstructured"}
{"detail":"Thread websocket connection reaper thread (re)started","level":"info","timestamp":"2024-05-06T13:31:11.273+0000","type":"unstructured"}
{"detail":"Thread runCronEventsGenerator (re)started","level":"info","timestamp":"2024-05-06T13:31:11.273+0000","type":"unstructured"}
{"detail":{"info":{"database_url":"postgres://postgres:...@postgres:5432/hasura","retries":1},"kind":"postgres_connection"},"level":"info","timestamp":"2024-05-06T13:31:11.273+0000","type":"startup"}
{"detail":{"info":"Already at the latest catalog version (48); nothing to do.","kind":"catalog_migrate"},"level":"info","timestamp":"2024-05-06T13:31:11.273+0000","type":"startup"}
{"detail":{"info":"Schema sync enabled. Polling at Refined (Milliseconds {milliseconds = 1s})","kind":"schema-sync"},"level":"info","timestamp":"2024-05-06T13:31:11.273+0000","type":"startup"}
{"detail":{"info":{"instance_id":"bd3d6b40-515e-42f7-8ca5-873a265a035f","message":"listener thread started","thread_id":"ThreadId 47"},"kind":"schema-sync"},"level":"info","timestamp":"2024-05-06T13:31:11.273+0000","type":"startup"}
{"detail":{"info":"EE client credentials not present in the metadata database. Hasura EE features are disabled.","kind":"license_info"},"level":"warn","timestamp":"2024-05-06T13:31:11.273+0000","type":"startup"}
{"detail":{"info":{"message":"source \"buynow\" has not been initialized yet.","source":"buynow"},"kind":"source_catalog_migrate"},"level":"info","timestamp":"2024-05-06T13:31:11.273+0000","type":"startup"}
{"detail":{"info":{"instance_id":"bd3d6b40-515e-42f7-8ca5-873a265a035f","message":"processor thread started","thread_id":"ThreadId 69"},"kind":"schema-sync"},"level":"info","timestamp":"2024-05-06T13:31:11.273+0000","type":"startup"}
{"detail":{"info":"starting workers","kind":"event_triggers"},"level":"info","timestamp":"2024-05-06T13:31:11.273+0000","type":"startup"}
{"detail":{"info":"preparing data","kind":"scheduled_triggers"},"level":"info","timestamp":"2024-05-06T13:31:11.273+0000","type":"startup"}
{"detail":{"info":"Help us improve Hasura! The graphql-engine server collects anonymized usage stats which allows us to keep improving Hasura at warp speed. To read more or opt-out, visit https://hasura.io/docs/latest/graphql/core/guides/telemetry.html","kind":"telemetry"},"level":"info","timestamp":"2024-05-06T13:31:11.273+0000","type":"startup"}
{"detail":{"info":{"message":"starting API server","time_taken":0.332330559},"kind":"server"},"level":"info","timestamp":"2024-05-06T13:31:11.273+0000","type":"startup"}
{"level":"info","msg":"Help us improve Hasura! The cli collects anonymized usage stats which\nallow us to keep improving Hasura at warp speed. To opt-out or read more,\nvisit https://hasura.io/docs/latest/graphql/core/guides/telemetry.html\n","time":"2024-05-06T13:31:12Z"}
{"level":"info","msg":"Applying metadata...","time":"2024-05-06T13:31:12Z"}
{"detail":{"http_info":{"content_encoding":null,"http_version":"HTTP/1.1","ip":"127.0.0.1","method":"GET","status":200,"url":"/v1/version"},"operation":{"query":{"type":null},"request_id":"746c9cc9-6a41-4f70-a958-b083aad3a165","request_mode":"non-graphql","response_size":16,"uncompressed_response_size":16},"request_id":"746c9cc9-6a41-4f70-a958-b083aad3a165"},"level":"info","timestamp":"2024-05-06T13:31:12.275+0000","type":"http-log"}
{"detail":{"http_info":{"content_encoding":null,"http_version":"HTTP/1.1","ip":"127.0.0.1","method":"GET","status":200,"url":"/v1/version"},"operation":{"query":{"type":null},"request_id":"38d49f9a-7651-4298-bf90-21b88fb80346","request_mode":"non-graphql","response_size":16,"uncompressed_response_size":16},"request_id":"38d49f9a-7651-4298-bf90-21b88fb80346"},"level":"info","timestamp":"2024-05-06T13:31:12.275+0000","type":"http-log"}
{"detail":{"http_info":{"content_encoding":"gzip","http_version":"HTTP/1.1","ip":"127.0.0.1","method":"POST","status":200,"url":"/v1/query"},"operation":{"query":{"type":"export_metadata"},"query_execution_time":3.708666e-3,"request_id":"40e0b9e7-49c0-4a1e-a4d9-b5dd5759a480","request_mode":"non-graphql","request_read_time":5.076e-6,"response_size":580,"uncompressed_response_size":2296,"user_vars":{"x-hasura-role":"admin"}},"request_id":"40e0b9e7-49c0-4a1e-a4d9-b5dd5759a480"},"level":"info","span_id":"abbc9ed3d8a55402","timestamp":"2024-05-06T13:31:12.275+0000","trace_id":"b2b1f44e694c6e92df55a1d08f6bba5e","type":"http-log"}
{"detail":{"http_info":{"content_encoding":null,"http_version":"HTTP/1.1","ip":"127.0.0.1","method":"POST","status":200,"url":"/v1/metadata"},"operation":{"query":{"type":"get_catalog_state"},"query_execution_time":4.48346e-3,"request_id":"a7a15ff7-7c90-49a0-acb6-ef1b5535a9be","request_mode":"non-graphql","request_read_time":1.4772e-5,"response_size":176,"uncompressed_response_size":176,"user_vars":{"x-hasura-role":"admin"}},"request_id":"a7a15ff7-7c90-49a0-acb6-ef1b5535a9be"},"level":"info","span_id":"3f0175c53540454d","timestamp":"2024-05-06T13:31:12.275+0000","trace_id":"5e7f0c43e1e3eaa1d79362347ad0f069","type":"http-log"}
{"level":"info","msg":"Metadata applied","time":"2024-05-06T13:31:13Z"}
{"timestamp":"2024-05-06T13:31:13.000+0000","level":"info","type":"startup","detail":{"kind":"migrations-apply","info":"directory /hasura-migrations does not exist, skipping migrations"}}
{"timestamp":"2024-05-06T13:31:13.000+0000","level":"info","type":"startup","detail":{"kind":"migrations-shutdown","info":"killing temporary server"}}
{"timestamp":"2024-05-06T13:31:13.000+0000","level":"info","type":"startup","detail":{"kind":"migrations-shutdown","info":"graphql-engine will now start in normal mode"}}
{"detail":{"info":"WARNING: No admin secret provided","kind":"no_admin_secret"},"level":"warn","timestamp":"2024-05-06T13:31:14.143+0000","type":"startup"}
{"detail":{"info":{"admin_secret_set":false,"auth_hook":null,"auth_hook_mode":null,"console_assets_dir":null,"console_sentry_dsn":null,"cors_config":{"allowed_origins":"*","disabled":false,"ws_read_cookie":null},"enable_allowlist":false,"enable_console":false,"enable_maintenance_mode":false,"enable_metadata_query_logging":false,"enable_telemetry":false,"enabled_apis":["config","pgdump","metadata","graphql"],"enabled_log_types":["jwk-refresh-log","webhook-log","http-log","startup","websocket-log"],"events_fetch_batch_size":100,"experimental_features":[],"graceful_shutdown_timeout":60,"infer_function_permissions":true,"jwt_secret":[],"live_query_options":{"batch_size":100,"refetch_delay":1},"log_level":"info","port":8080,"remote_schema_permissions":false,"server_host":"HostAny","stringify_numeric_types":false,"transaction_isolation":"ISOLATION LEVEL READ COMMITTED","unauth_role":null,"use_prepared_statements":true,"v1-boolean-null-collapse":false,"websocket_compression_options":"NoCompression","websocket_connection_init_timeout":"Refined (Seconds {seconds = 3s})","websocket_keep_alive":"KeepAliveDelay {unKeepAliveDelay = Refined (Seconds {seconds = 5s})}"},"kind":"server_configuration"},"level":"info","timestamp":"2024-05-06T13:31:14.143+0000","type":"startup"}
{"detail":{"info":{"database_url":"postgres://postgres:...@postgres:5432/hasura","retries":1},"kind":"postgres_connection"},"level":"info","timestamp":"2024-05-06T13:31:14.143+0000","type":"startup"}
{"detail":{"info":"Received metadata resource version: 8, different from the current engine resource version: 9. Trying to update the schema cache.","thread_type":"processor"},"level":"info","timestamp":"2024-05-06T13:31:13.277+0000","type":"schema-sync"}
{"detail":{"info":"Fetched metadata with resource version: 9","thread_type":"processor"},"level":"info","timestamp":"2024-05-06T13:31:13.277+0000","type":"schema-sync"}
{"detail":{"info":"Fetched metadata notifications and received no notifications. Not updating the schema cache. Only setting resource version: 9 in schema cache","thread_type":"processor"},"level":"info","timestamp":"2024-05-06T13:31:13.277+0000","type":"schema-sync"}
{"detail":{"info":"gracefully shutting down server","kind":"server"},"level":"info","timestamp":"2024-05-06T13:31:13.277+0000","type":"startup"}
{"detail":"Stopping immortal update JWK thread","level":"info","timestamp":"2024-05-06T13:31:13.277+0000","type":"unstructured"}
{"detail":"Stopping immortal runTelemetry thread","level":"info","timestamp":"2024-05-06T13:31:13.277+0000","type":"unstructured"}
{"detail":"Stopping immortal websocket connection reaper thread thread","level":"info","timestamp":"2024-05-06T13:31:13.277+0000","type":"unstructured"}
{"detail":"Stopping immortal sourcePingPoller thread","level":"info","timestamp":"2024-05-06T13:31:13.277+0000","type":"unstructured"}
{"detail":"Stopping immortal checkForUpdates thread","level":"info","timestamp":"2024-05-06T13:31:13.277+0000","type":"unstructured"}
{"detail":{"info":"All in-flight events have finished processing","kind":"scheduled_events"},"level":"info","timestamp":"2024-05-06T13:31:13.277+0000","type":"startup"}
{"detail":{"info":{"message":"source \"buynow\" has not been initialized yet.","source":"buynow"},"kind":"source_catalog_migrate"},"level":"info","timestamp":"2024-05-06T13:31:13.277+0000","type":"startup"}
{"detail":{"info":"Attempting to insert new metadata in storage","thread_type":"metadata-api"},"level":"info","span_id":"6323e82e6516d98e","timestamp":"2024-05-06T13:31:13.277+0000","trace_id":"63e7edc6f685c259daf582a09581a815","type":"schema-sync"}
{"detail":{"info":"Successfully inserted new metadata in storage with resource version: 9","thread_type":"metadata-api"},"level":"info","span_id":"6323e82e6516d98e","timestamp":"2024-05-06T13:31:13.277+0000","trace_id":"63e7edc6f685c259daf582a09581a815","type":"schema-sync"}
{"detail":{"info":"Inserted schema cache sync notification at resource version: 9","thread_type":"metadata-api"},"level":"info","span_id":"6323e82e6516d98e","timestamp":"2024-05-06T13:31:13.277+0000","trace_id":"63e7edc6f685c259daf582a09581a815","type":"schema-sync"}
{"detail":"Closing all websocket connections as the metadata has changed","level":"info","timestamp":"2024-05-06T13:31:13.277+0000","type":"ws-server"}
{"detail":{"http_info":{"content_encoding":null,"http_version":"HTTP/1.1","ip":"127.0.0.1","method":"POST","status":200,"url":"/v1/metadata"},"operation":{"query":{"type":"replace_metadata"},"query_execution_time":0.230237135,"request_id":"ad0150ea-8ac3-4ba3-8eb6-d358d440872b","request_mode":"non-graphql","request_read_time":4.335e-6,"response_size":48,"uncompressed_response_size":48,"user_vars":{"x-hasura-role":"admin"}},"request_id":"ad0150ea-8ac3-4ba3-8eb6-d358d440872b"},"level":"info","span_id":"c08c1260f9fc7e8c","timestamp":"2024-05-06T13:31:13.277+0000","trace_id":"63e7edc6f685c259daf582a09581a815","type":"http-log"}
{"detail":"Thread runCronEventsGenerator (re)started","level":"info","timestamp":"2024-05-06T13:31:14.143+0000","type":"unstructured"}
{"detail":{"info":"Already at the latest catalog version (48); nothing to do.","kind":"catalog_migrate"},"level":"info","timestamp":"2024-05-06T13:31:14.143+0000","type":"startup"}
{"detail":{"info":"Schema sync enabled. Polling at Refined (Milliseconds {milliseconds = 1s})","kind":"schema-sync"},"level":"info","timestamp":"2024-05-06T13:31:14.143+0000","type":"startup"}
{"detail":{"info":{"instance_id":"b99b46ab-f9eb-454f-90d5-749592afa58d","message":"listener thread started","thread_id":"ThreadId 47"},"kind":"schema-sync"},"level":"info","timestamp":"2024-05-06T13:31:14.143+0000","type":"startup"}
{"detail":{"info":"EE client credentials not present in the metadata database. Hasura EE features are disabled.","kind":"license_info"},"level":"warn","timestamp":"2024-05-06T13:31:14.143+0000","type":"startup"}
{"detail":{"info":{"message":"source \"buynow\" has not been initialized yet.","source":"buynow"},"kind":"source_catalog_migrate"},"level":"info","timestamp":"2024-05-06T13:31:14.143+0000","type":"startup"}
{"detail":{"info":{"instance_id":"b99b46ab-f9eb-454f-90d5-749592afa58d","message":"processor thread started","thread_id":"ThreadId 69"},"kind":"schema-sync"},"level":"info","timestamp":"2024-05-06T13:31:14.143+0000","type":"startup"}
{"detail":{"info":"starting workers","kind":"event_triggers"},"level":"info","timestamp":"2024-05-06T13:31:14.143+0000","type":"startup"}
{"detail":{"info":"preparing data","kind":"scheduled_triggers"},"level":"info","timestamp":"2024-05-06T13:31:14.143+0000","type":"startup"}
{"detail":{"info":"Help us improve Hasura! The graphql-engine server collects anonymized usage stats which allows us to keep improving Hasura at warp speed. To read more or opt-out, visit https://hasura.io/docs/latest/graphql/core/guides/telemetry.html","kind":"telemetry"},"level":"info","timestamp":"2024-05-06T13:31:14.143+0000","type":"startup"}
{"detail":{"info":{"message":"starting API server","time_taken":0.405705564},"kind":"server"},"level":"info","timestamp":"2024-05-06T13:31:14.143+0000","type":"startup"}
{"detail":"Thread SchemeUpdate.listener (re)started","level":"info","timestamp":"2024-05-06T13:31:14.143+0000","type":"unstructured"}
{"detail":"Thread SchemeUpdate.processor (re)started","level":"info","timestamp":"2024-05-06T13:31:14.143+0000","type":"unstructured"}
{"detail":"Thread processEventQueue (re)started","level":"info","timestamp":"2024-05-06T13:31:14.143+0000","type":"unstructured"}
{"detail":"Thread checkForUpdates (re)started","level":"info","timestamp":"2024-05-06T13:31:14.143+0000","type":"unstructured"}
{"detail":"Thread runTelemetry (re)started","level":"info","timestamp":"2024-05-06T13:31:14.143+0000","type":"unstructured"}
{"detail":"Thread ourIdleGC (re)started","level":"info","timestamp":"2024-05-06T13:31:14.143+0000","type":"unstructured"}
{"detail":"Thread asyncActionsProcessor (re)started","level":"info","timestamp":"2024-05-06T13:31:14.143+0000","type":"unstructured"}
{"detail":"Thread processScheduledTriggers (re)started","level":"info","timestamp":"2024-05-06T13:31:14.143+0000","type":"unstructured"}
{"detail":"Thread update JWK (re)started","level":"info","timestamp":"2024-05-06T13:31:14.143+0000","type":"unstructured"}
{"detail":"Thread asyncActionSubscriptionsProcessor (re)started","level":"info","timestamp":"2024-05-06T13:31:14.143+0000","type":"unstructured"}
{"detail":"Thread sourcePingPoller (re)started","level":"info","timestamp":"2024-05-06T13:31:14.143+0000","type":"unstructured"}
{"detail":"Thread websocket connection reaper thread (re)started","level":"info","timestamp":"2024-05-06T13:31:14.143+0000","type":"unstructured"}
{"detail":"Stopping immortal processScheduledTriggers thread","level":"info","timestamp":"2024-05-06T13:31:21.288+0000","type":"unstructured"}
{"detail":{"num_cron_events_fetched":0,"num_fetches":1,"num_one_off_scheduled_events_fetched":0},"level":"info","timestamp":"2024-05-06T13:31:21.288+0000","type":"scheduled-trigger-process"}
{"detail":"Stopping immortal runCronEventsGenerator thread","level":"info","timestamp":"2024-05-06T13:31:21.288+0000","type":"unstructured"}
{"detail":"Stopping immortal asyncActionSubscriptionsProcessor thread","level":"info","timestamp":"2024-05-06T13:31:21.288+0000","type":"unstructured"}
{"detail":{"info":"All in-flight events have finished processing","kind":"async_actions"},"level":"info","timestamp":"2024-05-06T13:31:21.288+0000","type":"startup"}
{"detail":"Stopping immortal asyncActionsProcessor thread","level":"info","timestamp":"2024-05-06T13:31:22.290+0000","type":"unstructured"}
{"detail":{"info":"All in-flight events have finished processing","kind":"event_triggers"},"level":"info","timestamp":"2024-05-06T13:31:22.290+0000","type":"startup"}
{"detail":"Stopping immortal processEventQueue thread","level":"info","timestamp":"2024-05-06T13:31:23.292+0000","type":"unstructured"}
{"detail":"Stopping immortal SchemeUpdate.processor thread","level":"info","timestamp":"2024-05-06T13:31:23.292+0000","type":"unstructured"}
{"detail":"Stopping immortal SchemeUpdate.listener thread","level":"info","timestamp":"2024-05-06T13:31:23.292+0000","type":"unstructured"}
{"detail":{"num_events_fetched":{},"num_fetches":13},"level":"info","timestamp":"2024-05-06T13:31:23.292+0000","type":"event-trigger-process"}
